Copyright 1986-2022 Xilinx, Inc. All Rights Reserved.
------------------------------------------------------------------------------------
| Tool Version : Vivado v.2022.2 (win64) Build 3671981 Fri Oct 14 05:00:03 MDT 2022
| Date         : Sat Jul 18 16:51:13 2026
| Host         : DESKTOP-SBS5VR5 running 64-bit major release  (build 9200)
| Command      : report_timing_summary -file timing_summary_explore.rpt
| Design       : design_1_wrapper
| Device       : 7z010-clg400
| Speed File   : -1  PRODUCTION 1.12 2019-11-22
------------------------------------------------------------------------------------

Timing Summary Report

------------------------------------------------------------------------------------------------
| Timer Settings
| --------------
------------------------------------------------------------------------------------------------

  Enable Multi Corner Analysis               :  Yes
  Enable Pessimism Removal                   :  Yes
  Pessimism Removal Resolution               :  Nearest Common Node
  Enable Input Delay Default Clock           :  No
  Enable Preset / Clear Arcs                 :  No
  Disable Flight Delays                      :  No
  Ignore I/O Paths                           :  No
  Timing Early Launch at Borrowing Latches   :  No
  Borrow Time for Max Delay Exceptions       :  Yes
  Merge Timing Exceptions                    :  Yes

  Corner  Analyze    Analyze    
  Name    Max Paths  Min Paths  
  ------  ---------  ---------  
  Slow    Yes        Yes        
  Fast    Yes        Yes        


------------------------------------------------------------------------------------------------
| Report Methodology
| ------------------
------------------------------------------------------------------------------------------------

No report available as report_methodology has not been run prior. Run report_methodology on the current design for the summary of methodology violations.



check_timing report

Table of Contents
-----------------
1. checking no_clock (0)
2. checking constant_clock (0)
3. checking pulse_width_clock (0)
4. checking unconstrained_internal_endpoints (0)
5. checking no_input_delay (0)
6. checking no_output_delay (0)
7. checking multiple_clock (0)
8. checking generated_clocks (0)
9. checking loops (0)
10. checking partial_input_delay (0)
11. checking partial_output_delay (0)
12. checking latch_loops (0)

1. checking no_clock (0)
------------------------
 There are 0 register/latch pins with no clock.


2. checking constant_clock (0)
------------------------------
 There are 0 register/latch pins with constant_clock.


3. checking pulse_width_clock (0)
---------------------------------
 There are 0 register/latch pins which need pulse_width check


4. checking unconstrained_internal_endpoints (0)
------------------------------------------------
 There are 0 pins that are not constrained for maximum delay.

 There are 0 pins that are not constrained for maximum delay due to constant clock.


5. checking no_input_delay (0)
------------------------------
 There are 0 input ports with no input delay specified.

 There are 0 input ports with no input delay but user has a false path constraint.


6. checking no_output_delay (0)
-------------------------------
 There are 0 ports with no output delay specified.

 There are 0 ports with no output delay but user has a false path constraint

 There are 0 ports with no output delay but with a timing clock defined on it or propagating through it


7. checking multiple_clock (0)
------------------------------
 There are 0 register/latch pins with multiple clocks.


8. checking generated_clocks (0)
--------------------------------
 There are 0 generated clocks that are not connected to a clock source.


9. checking loops (0)
---------------------
 There are 0 combinational loops in the design.


10. checking partial_input_delay (0)
------------------------------------
 There are 0 input ports with partial input delay specified.


11. checking partial_output_delay (0)
-------------------------------------
 There are 0 ports with partial output delay specified.


12. checking latch_loops (0)
----------------------------
 There are 0 combinational latch loops in the design through latch input



------------------------------------------------------------------------------------------------
| Design Timing Summary
| ---------------------
------------------------------------------------------------------------------------------------

    WNS(ns)      TNS(ns)  TNS Failing Endpoints  TNS Total Endpoints      WHS(ns)      THS(ns)  THS Failing Endpoints  THS Total Endpoints     WPWS(ns)     TPWS(ns)  TPWS Failing Endpoints  TPWS Total Endpoints  
    -------      -------  ---------------------  -------------------      -------      -------  ---------------------  -------------------     --------     --------  ----------------------  --------------------  
      0.020        0.000                      0                 3069        0.011        0.000                      0                 3069        4.020        0.000                       0                  1138  


All user specified timing constraints are met.


------------------------------------------------------------------------------------------------
| Clock Summary
| -------------
------------------------------------------------------------------------------------------------

Clock       Waveform(ns)       Period(ns)      Frequency(MHz)
-----       ------------       ----------      --------------
clk_fpga_0  {0.000 5.000}      10.000          100.000         


------------------------------------------------------------------------------------------------
| Intra Clock Table
| -----------------
------------------------------------------------------------------------------------------------

Clock             WNS(ns)      TNS(ns)  TNS Failing Endpoints  TNS Total Endpoints      WHS(ns)      THS(ns)  THS Failing Endpoints  THS Total Endpoints     WPWS(ns)     TPWS(ns)  TPWS Failing Endpoints  TPWS Total Endpoints  
-----             -------      -------  ---------------------  -------------------      -------      -------  ---------------------  -------------------     --------     --------  ----------------------  --------------------  
clk_fpga_0          0.020        0.000                      0                 2814        0.011        0.000                      0                 2814        4.020        0.000                       0                  1138  


------------------------------------------------------------------------------------------------
| Inter Clock Table
| -----------------
------------------------------------------------------------------------------------------------

From Clock    To Clock          WNS(ns)      TNS(ns)  TNS Failing Endpoints  TNS Total Endpoints      WHS(ns)      THS(ns)  THS Failing Endpoints  THS Total Endpoints  
----------    --------          -------      -------  ---------------------  -------------------      -------      -------  ---------------------  -------------------  


------------------------------------------------------------------------------------------------
| Other Path Groups Table
| -----------------------
------------------------------------------------------------------------------------------------

Path Group         From Clock         To Clock               WNS(ns)      TNS(ns)  TNS Failing Endpoints  TNS Total Endpoints      WHS(ns)      THS(ns)  THS Failing Endpoints  THS Total Endpoints  
----------         ----------         --------               -------      -------  ---------------------  -------------------      -------      -------  ---------------------  -------------------  
**async_default**  clk_fpga_0         clk_fpga_0               2.628        0.000                      0                  255        1.110        0.000                      0                  255  


------------------------------------------------------------------------------------------------
| Timing Details
| --------------
------------------------------------------------------------------------------------------------


---------------------------------------------------------------------------------------------------
From Clock:  clk_fpga_0
  To Clock:  clk_fpga_0

Setup :            0  Failing Endpoints,  Worst Slack        0.020ns,  Total Violation        0.000ns
Hold  :            0  Failing Endpoints,  Worst Slack        0.011ns,  Total Violation        0.000ns
PW    :            0  Failing Endpoints,  Worst Slack        4.020ns,  Total Violation        0.000ns
---------------------------------------------------------------------------------------------------


Max Delay Paths
--------------------------------------------------------------------------------------
Slack (MET) :             0.020ns  (required time - arrival time)
  Source:                 design_1_i/myip_1_0/inst/u_bram1/ram_reg_2/CLKBWRCLK
                            (rising edge-triggered cell RAMB36E1 clocked by clk_fpga_0  {rise@0.000ns fall@5.000ns period=10.000ns})
  Destination:            design_1_i/myip_1_0/inst/u_data_mover_bram/u_fully_connected_core_8b_0/r_result_reg[29]/D
                            (rising edge-triggered cell FDCE clocked by clk_fpga_0  {rise@0.000ns fall@5.000ns period=10.000ns})
  Path Group:             clk_fpga_0
  Path Type:              Setup (Max at Slow Process Corner)
  Requirement:            10.000ns  (clk_fpga_0 rise@10.000ns - clk_fpga_0 rise@0.000ns)
  Data Path Delay:        9.923ns  (logic 6.236ns (62.842%)  route 3.687ns (37.158%))
  Logic Levels:           14  (CARRY4=9 LUT4=2 LUT6=3)
  Clock Path Skew:        0.035ns (DCD - SCD + CPR)
    Destination Clock Delay (DCD):    3.381ns = ( 13.380 - 10.000 ) 
    Source Clock Delay      (SCD):    3.507ns
    Clock Pessimism Removal (CPR):    0.162ns
  Clock Uncertainty:      0.154ns  ((TSJ^2 + TIJ^2)^1/2 + DJ) / 2 + PE
    Total System Jitter     (TSJ):    0.071ns
    Total Input Jitter      (TIJ):    0.300ns
    Discrete Jitter          (DJ):    0.000ns
    Phase Error              (PE):    0.000ns

    Location             Delay type                Incr(ns)  Path(ns)    Netlist Resource(s)
  -------------------------------------------------------------------    -------------------
                         (clock clk_fpga_0 rise edge)
                                                      0.000     0.000 r  
    PS7_X0Y0             PS7                          0.000     0.000 r  design_1_i/processing_system7_0/inst/PS7_i/FCLKCLK[0]
                         net (fo=1, routed)           1.207     1.207    design_1_i/processing_system7_0/inst/FCLK_CLK_unbuffered[0]
    BUFGCTRL_X0Y2        BUFG (Prop_bufg_I_O)         0.101     1.308 r  design_1_i/processing_system7_0/inst/buffer_fclk_clk_0.FCLK_CLK_0_BUFG_replica_2/O
                         net (fo=2, routed)           0.146     1.454    design_1_i/processing_system7_0/inst/FCLK_CLK0_repN_2
    BUFGCTRL_X0Y1        BUFG (Prop_bufg_I_O)         0.101     1.555 r  design_1_i/processing_system7_0/inst/buffer_fclk_clk_0.FCLK_CLK_0_BUFG_replica_1/O
                         net (fo=5, routed)           0.146     1.701    design_1_i/processing_system7_0/inst/FCLK_CLK0_repN_1
    BUFGCTRL_X0Y0        BUFG (Prop_bufg_I_O)         0.101     1.802 r  design_1_i/processing_system7_0/inst/buffer_fclk_clk_0.FCLK_CLK_0_BUFG_replica/O
                         net (fo=2, routed)           1.705     3.507    design_1_i/myip_1_0/inst/u_bram1/FCLK_CLK0_repN_alias
    RAMB36_X0Y5          RAMB36E1                                     r  design_1_i/myip_1_0/inst/u_bram1/ram_reg_2/CLKBWRCLK
  -------------------------------------------------------------------    -------------------
    RAMB36_X0Y5          RAMB36E1 (Prop_ramb36e1_CLKBWRCLK_DOPBDOP[0])
                                                      2.454     5.961 r  design_1_i/myip_1_0/inst/u_bram1/ram_reg_2/DOPBDOP[0]
                         net (fo=16, routed)          1.369     7.330    design_1_i/myip_1_0/inst/u_bram1/q0[26]
    SLICE_X4Y32          LUT6 (Prop_lut6_I0_O)        0.124     7.454 r  design_1_i/myip_1_0/inst/u_bram1/w_result__0_carry__0_i_4/O
                         net (fo=2, routed)           0.411     7.865    design_1_i/myip_1_0/inst/u_bram1/DI[0]
    SLICE_X5Y31          LUT6 (Prop_lut6_I0_O)        0.124     7.989 r  design_1_i/myip_1_0/inst/u_bram1/w_result__0_carry__0_i_8/O
                         net (fo=1, routed)           0.000     7.989    design_1_i/myip_1_0/inst/u_data_mover_bram/u_fully_connected_core_8b_0/w_result__60_carry_0[0]
    SLICE_X5Y31          CARRY4 (Prop_carry4_S[0]_CO[3])
                                                      0.532     8.521 r  design_1_i/myip_1_0/inst/u_data_mover_bram/u_fully_connected_core_8b_0/w_result__0_carry__0/CO[3]
                         net (fo=1, routed)           0.000     8.521    design_1_i/myip_1_0/inst/u_data_mover_bram/u_fully_connected_core_8b_0/w_result__0_carry__0_n_0
    SLICE_X5Y32          CARRY4 (Prop_carry4_CI_O[0])
                                                      0.222     8.743 r  design_1_i/myip_1_0/inst/u_data_mover_bram/u_fully_connected_core_8b_0/w_result__0_carry__1/O[0]
                         net (fo=3, routed)           0.714     9.457    design_1_i/myip_1_0/inst/u_data_mover_bram/u_fully_connected_core_8b_0/w_result__0_carry__1_n_7
    SLICE_X9Y30          LUT4 (Prop_lut4_I3_O)        0.299     9.756 r  design_1_i/myip_1_0/inst/u_data_mover_bram/u_fully_connected_core_8b_0/w_result__60_carry__0_i_11/O
                         net (fo=3, routed)           0.305    10.061    design_1_i/myip_1_0/inst/u_data_mover_bram/u_fully_connected_core_8b_0/w_result__60_carry__0_i_11_n_0
    SLICE_X9Y31          LUT6 (Prop_lut6_I0_O)        0.124    10.185 r  design_1_i/myip_1_0/inst/u_data_mover_bram/u_fully_connected_core_8b_0/w_result__60_carry__0_i_3/O
                         net (fo=1, routed)           0.332    10.517    design_1_i/myip_1_0/inst/u_data_mover_bram/u_fully_connected_core_8b_0/w_result__60_carry__0_i_3_n_0
    SLICE_X8Y32          CARRY4 (Prop_carry4_DI[1]_CO[3])
                                                      0.520    11.037 r  design_1_i/myip_1_0/inst/u_data_mover_bram/u_fully_connected_core_8b_0/w_result__60_carry__0/CO[3]
                         net (fo=1, routed)           0.000    11.037    design_1_i/myip_1_0/inst/u_data_mover_bram/u_fully_connected_core_8b_0/w_result__60_carry__0_n_0
    SLICE_X8Y33          CARRY4 (Prop_carry4_CI_O[1])
                                                      0.323    11.360 r  design_1_i/myip_1_0/inst/u_data_mover_bram/u_fully_connected_core_8b_0/w_result__60_carry__1/O[1]
                         net (fo=2, routed)           0.557    11.917    design_1_i/myip_1_0/inst/myip_v1_0_inst/myip_v1_0_S00_AXI_inst/w_result[12]
    SLICE_X7Y33          LUT4 (Prop_lut4_I2_O)        0.306    12.223 r  design_1_i/myip_1_0/inst/myip_v1_0_inst/myip_v1_0_S00_AXI_inst/r_result[12]_i_9__2/O
                         net (fo=1, routed)           0.000    12.223    design_1_i/myip_1_0/inst/myip_v1_0_inst/myip_v1_0_S00_AXI_inst/r_result[12]_i_9__2_n_0
    SLICE_X7Y33          CARRY4 (Prop_carry4_S[0]_CO[3])
                                                      0.532    12.755 r  design_1_i/myip_1_0/inst/myip_v1_0_inst/myip_v1_0_S00_AXI_inst/r_result_reg[12]_i_1/CO[3]
                         net (fo=1, routed)           0.000    12.755    design_1_i/myip_1_0/inst/myip_v1_0_inst/myip_v1_0_S00_AXI_inst/r_result_reg[12]_i_1_n_0
    SLICE_X7Y34          CARRY4 (Prop_carry4_CI_CO[3])
                                                      0.114    12.869 r  design_1_i/myip_1_0/inst/myip_v1_0_inst/myip_v1_0_S00_AXI_inst/r_result_reg[16]_i_1/CO[3]
                         net (fo=1, routed)           0.000    12.869    design_1_i/myip_1_0/inst/myip_v1_0_inst/myip_v1_0_S00_AXI_inst/r_result_reg[16]_i_1_n_0
    SLICE_X7Y35          CARRY4 (Prop_carry4_CI_CO[3])
                                                      0.114    12.983 r  design_1_i/myip_1_0/inst/myip_v1_0_inst/myip_v1_0_S00_AXI_inst/r_result_reg[20]_i_1/CO[3]
                         net (fo=1, routed)           0.000    12.983    design_1_i/myip_1_0/inst/myip_v1_0_inst/myip_v1_0_S00_AXI_inst/r_result_reg[20]_i_1_n_0
    SLICE_X7Y36          CARRY4 (Prop_carry4_CI_CO[3])
                                                      0.114    13.097 r  design_1_i/myip_1_0/inst/myip_v1_0_inst/myip_v1_0_S00_AXI_inst/r_result_reg[24]_i_1/CO[3]
                         net (fo=1, routed)           0.000    13.097    design_1_i/myip_1_0/inst/myip_v1_0_inst/myip_v1_0_S00_AXI_inst/r_result_reg[24]_i_1_n_0
    SLICE_X7Y37          CARRY4 (Prop_carry4_CI_O[1])
                                                      0.334    13.431 r  design_1_i/myip_1_0/inst/myip_v1_0_inst/myip_v1_0_S00_AXI_inst/r_result_reg[28]_i_1/O[1]
                         net (fo=1, routed)           0.000    13.431    design_1_i/myip_1_0/inst/u_data_mover_bram/u_fully_connected_core_8b_0/r_result_reg[31]_0[1]
    SLICE_X7Y37          FDCE                                         r  design_1_i/myip_1_0/inst/u_data_mover_bram/u_fully_connected_core_8b_0/r_result_reg[29]/D
  -------------------------------------------------------------------    -------------------

                         (clock clk_fpga_0 rise edge)
                                                     10.000    10.000 r  
    PS7_X0Y0             PS7                          0.000    10.000 r  design_1_i/processing_system7_0/inst/PS7_i/FCLKCLK[0]
                         net (fo=1, routed)           1.101    11.101    design_1_i/processing_system7_0/inst/FCLK_CLK_unbuffered[0]
    BUFGCTRL_X0Y2        BUFG (Prop_bufg_I_O)         0.091    11.192 r  design_1_i/processing_system7_0/inst/buffer_fclk_clk_0.FCLK_CLK_0_BUFG_replica_2/O
                         net (fo=2, routed)           0.133    11.325    design_1_i/processing_system7_0/inst/FCLK_CLK0_repN_2
    BUFGCTRL_X0Y1        BUFG (Prop_bufg_I_O)         0.091    11.416 r  design_1_i/processing_system7_0/inst/buffer_fclk_clk_0.FCLK_CLK_0_BUFG_replica_1/O
                         net (fo=5, routed)           0.133    11.549    design_1_i/processing_system7_0/inst/FCLK_CLK0_repN_1
    BUFGCTRL_X0Y0        BUFG (Prop_bufg_I_O)         0.091    11.640 r  design_1_i/processing_system7_0/inst/buffer_fclk_clk_0.FCLK_CLK_0_BUFG_replica/O
                         net (fo=2, routed)           0.147    11.787    design_1_i/processing_system7_0/inst/FCLK_CLK0_repN
    BUFGCTRL_X0Y15       BUFG (Prop_bufg_I_O)         0.091    11.878 r  design_1_i/processing_system7_0/inst/buffer_fclk_clk_0.FCLK_CLK_0_BUFG/O
                         net (fo=1129, routed)        1.502    13.380    design_1_i/myip_1_0/inst/u_data_mover_bram/u_fully_connected_core_8b_0/s00_axi_aclk
    SLICE_X7Y37          FDCE                                         r  design_1_i/myip_1_0/inst/u_data_mover_bram/u_fully_connected_core_8b_0/r_result_reg[29]/C
                         clock pessimism              0.162    13.542    
                         clock uncertainty           -0.154    13.388    
    SLICE_X7Y37          FDCE (Setup_fdce_C_D)        0.062    13.450    design_1_i/myip_1_0/inst/u_data_mover_bram/u_fully_connected_core_8b_0/r_result_reg[29]
  -------------------------------------------------------------------
                         required time                         13.450    
                         arrival time                         -13.431    
  -------------------------------------------------------------------
                         slack                                  0.020    





Min Delay Paths
--------------------------------------------------------------------------------------
Slack (MET) :             0.011ns  (arrival time - required time)
  Source:                 design_1_i/ps7_0_axi_periph/s00_couplers/auto_pc/inst/gen_axilite.gen_b2s_conv.axilite_b2s/SI_REG/aw.aw_pipe/skid_buffer_reg[58]/C
                            (rising edge-triggered cell FDRE clocked by clk_fpga_0  {rise@0.000ns fall@5.000ns period=10.000ns})
  Destination:            design_1_i/ps7_0_axi_periph/s00_couplers/auto_pc/inst/gen_axilite.gen_b2s_conv.axilite_b2s/SI_REG/aw.aw_pipe/m_payload_i_reg[58]/D
                            (rising edge-triggered cell FDRE clocked by clk_fpga_0  {rise@0.000ns fall@5.000ns period=10.000ns})
  Path Group:             clk_fpga_0
  Path Type:              Hold (Min at Fast Process Corner)
  Requirement:            0.000ns  (clk_fpga_0 rise@0.000ns - clk_fpga_0 rise@0.000ns)
  Data Path Delay:        0.398ns  (logic 0.246ns (61.815%)  route 0.152ns (38.185%))
  Logic Levels:           1  (LUT3=1)
  Clock Path Skew:        0.267ns (DCD - SCD - CPR)
    Destination Clock Delay (DCD):    1.422ns
    Source Clock Delay      (SCD):    1.107ns
    Clock Pessimism Removal (CPR):    0.048ns

    Location             Delay type                Incr(ns)  Path(ns)    Netlist Resource(s)
  -------------------------------------------------------------------    -------------------
                         (clock clk_fpga_0 rise edge)
                                                      0.000     0.000 r  
    PS7_X0Y0             PS7                          0.000     0.000 r  design_1_i/processing_system7_0/inst/PS7_i/FCLKCLK[0]
                         net (fo=1, routed)           0.315     0.315    design_1_i/processing_system7_0/inst/FCLK_CLK_unbuffered[0]
    BUFGCTRL_X0Y2        BUFG (Prop_bufg_I_O)         0.026     0.341 r  design_1_i/processing_system7_0/inst/buffer_fclk_clk_0.FCLK_CLK_0_BUFG_replica_2/O
                         net (fo=2, routed)           0.030     0.371    design_1_i/processing_system7_0/inst/FCLK_CLK0_repN_2
    BUFGCTRL_X0Y1        BUFG (Prop_bufg_I_O)         0.026     0.397 r  design_1_i/processing_system7_0/inst/buffer_fclk_clk_0.FCLK_CLK_0_BUFG_replica_1/O
                         net (fo=5, routed)           0.030     0.427    design_1_i/processing_system7_0/inst/FCLK_CLK0_repN_1
    BUFGCTRL_X0Y0        BUFG (Prop_bufg_I_O)         0.026     0.453 r  design_1_i/processing_system7_0/inst/buffer_fclk_clk_0.FCLK_CLK_0_BUFG_replica/O
                         net (fo=2, routed)           0.042     0.495    design_1_i/processing_system7_0/inst/FCLK_CLK0_repN
    BUFGCTRL_X0Y15       BUFG (Prop_bufg_I_O)         0.026     0.521 r  design_1_i/processing_system7_0/inst/buffer_fclk_clk_0.FCLK_CLK_0_BUFG/O
                         net (fo=1129, routed)        0.586     1.107    design_1_i/ps7_0_axi_periph/s00_couplers/auto_pc/inst/gen_axilite.gen_b2s_conv.axilite_b2s/SI_REG/aw.aw_pipe/aclk
    SLICE_X4Y49          FDRE                                         r  design_1_i/ps7_0_axi_periph/s00_couplers/auto_pc/inst/gen_axilite.gen_b2s_conv.axilite_b2s/SI_REG/aw.aw_pipe/skid_buffer_reg[58]/C
  -------------------------------------------------------------------    -------------------
    SLICE_X4Y49          FDRE (Prop_fdre_C_Q)         0.148     1.255 r  design_1_i/ps7_0_axi_periph/s00_couplers/auto_pc/inst/gen_axilite.gen_b2s_conv.axilite_b2s/SI_REG/aw.aw_pipe/skid_buffer_reg[58]/Q
                         net (fo=1, routed)           0.152     1.406    design_1_i/ps7_0_axi_periph/s00_couplers/auto_pc/inst/gen_axilite.gen_b2s_conv.axilite_b2s/SI_REG/aw.aw_pipe/skid_buffer_reg_n_0_[58]
    SLICE_X4Y50          LUT3 (Prop_lut3_I2_O)        0.098     1.504 r  design_1_i/ps7_0_axi_periph/s00_couplers/auto_pc/inst/gen_axilite.gen_b2s_conv.axilite_b2s/SI_REG/aw.aw_pipe/m_payload_i[58]_i_1/O
                         net (fo=1, routed)           0.000     1.504    design_1_i/ps7_0_axi_periph/s00_couplers/auto_pc/inst/gen_axilite.gen_b2s_conv.axilite_b2s/SI_REG/aw.aw_pipe/skid_buffer[58]
    SLICE_X4Y50          FDRE                                         r  design_1_i/ps7_0_axi_periph/s00_couplers/auto_pc/inst/gen_axilite.gen_b2s_conv.axilite_b2s/SI_REG/aw.aw_pipe/m_payload_i_reg[58]/D
  -------------------------------------------------------------------    -------------------

                         (clock clk_fpga_0 rise edge)
                                                      0.000     0.000 r  
    PS7_X0Y0             PS7                          0.000     0.000 r  design_1_i/processing_system7_0/inst/PS7_i/FCLKCLK[0]
                         net (fo=1, routed)           0.341     0.341    design_1_i/processing_system7_0/inst/FCLK_CLK_unbuffered[0]
    BUFGCTRL_X0Y2        BUFG (Prop_bufg_I_O)         0.029     0.370 r  design_1_i/processing_system7_0/inst/buffer_fclk_clk_0.FCLK_CLK_0_BUFG_replica_2/O
                         net (fo=2, routed)           0.033     0.403    design_1_i/processing_system7_0/inst/FCLK_CLK0_repN_2
    BUFGCTRL_X0Y1        BUFG (Prop_bufg_I_O)         0.029     0.432 r  design_1_i/processing_system7_0/inst/buffer_fclk_clk_0.FCLK_CLK_0_BUFG_replica_1/O
                         net (fo=5, routed)           0.033     0.465    design_1_i/processing_system7_0/inst/FCLK_CLK0_repN_1
    BUFGCTRL_X0Y0        BUFG (Prop_bufg_I_O)         0.029     0.494 r  design_1_i/processing_system7_0/inst/buffer_fclk_clk_0.FCLK_CLK_0_BUFG_replica/O
                         net (fo=2, routed)           0.046     0.540    design_1_i/processing_system7_0/inst/FCLK_CLK0_repN
    BUFGCTRL_X0Y15       BUFG (Prop_bufg_I_O)         0.029     0.569 r  design_1_i/processing_system7_0/inst/buffer_fclk_clk_0.FCLK_CLK_0_BUFG/O
                         net (fo=1129, routed)        0.853     1.422    design_1_i/ps7_0_axi_periph/s00_couplers/auto_pc/inst/gen_axilite.gen_b2s_conv.axilite_b2s/SI_REG/aw.aw_pipe/aclk
    SLICE_X4Y50          FDRE                                         r  design_1_i/ps7_0_axi_periph/s00_couplers/auto_pc/inst/gen_axilite.gen_b2s_conv.axilite_b2s/SI_REG/aw.aw_pipe/m_payload_i_reg[58]/C
                         clock pessimism             -0.048     1.374    
    SLICE_X4Y50          FDRE (Hold_fdre_C_D)         0.120     1.494    design_1_i/ps7_0_axi_periph/s00_couplers/auto_pc/inst/gen_axilite.gen_b2s_conv.axilite_b2s/SI_REG/aw.aw_pipe/m_payload_i_reg[58]
  -------------------------------------------------------------------
                         required time                         -1.494    
                         arrival time                           1.504    
  -------------------------------------------------------------------
                         slack                                  0.011    





Pulse Width Checks
--------------------------------------------------------------------------------------
Clock Name:         clk_fpga_0
Waveform(ns):       { 0.000 5.000 }
Period(ns):         10.000
Sources:            { design_1_i/processing_system7_0/inst/PS7_i/FCLKCLK[0] }

Check Type        Corner  Lib Pin             Reference Pin  Required(ns)  Actual(ns)  Slack(ns)  Location      Pin
Min Period        n/a     RAMB36E1/CLKARDCLK  n/a            2.576         10.000      7.424      RAMB36_X2Y4   design_1_i/myip_1_0/inst/u_bram0/ram_reg_0/CLKARDCLK
Low Pulse Width   Slow    SRLC32E/CLK         n/a            0.980         5.000       4.020      SLICE_X12Y38  design_1_i/ps7_0_axi_periph/s00_couplers/auto_pc/inst/gen_axilite.gen_b2s_conv.axilite_b2s/RD.r_channel_0/rd_data_fifo_0/memory_reg[31][0]_srl32/CLK
High Pulse Width  Slow    SRLC32E/CLK         n/a            0.980         5.000       4.020      SLICE_X12Y38  design_1_i/ps7_0_axi_periph/s00_couplers/auto_pc/inst/gen_axilite.gen_b2s_conv.axilite_b2s/RD.r_channel_0/rd_data_fifo_0/memory_reg[31][0]_srl32/CLK



---------------------------------------------------------------------------------------------------
Path Group:  **async_default**
From Clock:  clk_fpga_0
  To Clock:  clk_fpga_0

Setup :            0  Failing Endpoints,  Worst Slack        2.628ns,  Total Violation        0.000ns
Hold  :            0  Failing Endpoints,  Worst Slack        1.110ns,  Total Violation        0.000ns
---------------------------------------------------------------------------------------------------


Max Delay Paths
--------------------------------------------------------------------------------------
Slack (MET) :             2.628ns  (required time - arrival time)
  Source:                 design_1_i/rst_ps7_0_100M/U0/ACTIVE_LOW_PR_OUT_DFF[0].FDRE_PER_N/C
                            (rising edge-triggered cell FDRE clocked by clk_fpga_0  {rise@0.000ns fall@5.000ns period=10.000ns})
  Destination:            design_1_i/myip_1_0/inst/u_data_mover_bram/u_fully_connected_core_8b_1/r_result_reg[10]/CLR
                            (recovery check against rising-edge clock clk_fpga_0  {rise@0.000ns fall@5.000ns period=10.000ns})
  Path Group:             **async_default**
  Path Type:              Recovery (Max at Slow Process Corner)
  Requirement:            10.000ns  (clk_fpga_0 rise@10.000ns - clk_fpga_0 rise@0.000ns)
  Data Path Delay:        6.684ns  (logic 0.580ns (8.677%)  route 6.104ns (91.323%))
  Logic Levels:           1  (LUT1=1)
  Clock Path Skew:        -0.129ns (DCD - SCD + CPR)
    Destination Clock Delay (DCD):    3.413ns = ( 13.413 - 10.000 ) 
    Source Clock Delay      (SCD):    3.727ns
    Clock Pessimism Removal (CPR):    0.186ns
  Clock Uncertainty:      0.154ns  ((TSJ^2 + TIJ^2)^1/2 + DJ) / 2 + PE
    Total System Jitter     (TSJ):    0.071ns
    Total Input Jitter      (TIJ):    0.300ns
    Discrete Jitter          (DJ):    0.000ns
    Phase Error              (PE):    0.000ns

    Location             Delay type                Incr(ns)  Path(ns)    Netlist Resource(s)
  -------------------------------------------------------------------    -------------------
                         (clock clk_fpga_0 rise edge)
                                                      0.000     0.000 r  
    PS7_X0Y0             PS7                          0.000     0.000 r  design_1_i/processing_system7_0/inst/PS7_i/FCLKCLK[0]
                         net (fo=1, routed)           1.207     1.207    design_1_i/processing_system7_0/inst/FCLK_CLK_unbuffered[0]
    BUFGCTRL_X0Y2        BUFG (Prop_bufg_I_O)         0.101     1.308 r  design_1_i/processing_system7_0/inst/buffer_fclk_clk_0.FCLK_CLK_0_BUFG_replica_2/O
                         net (fo=2, routed)           0.146     1.454    design_1_i/processing_system7_0/inst/FCLK_CLK0_repN_2
    BUFGCTRL_X0Y1        BUFG (Prop_bufg_I_O)         0.101     1.555 r  design_1_i/processing_system7_0/inst/buffer_fclk_clk_0.FCLK_CLK_0_BUFG_replica_1/O
                         net (fo=5, routed)           0.146     1.701    design_1_i/processing_system7_0/inst/FCLK_CLK0_repN_1
    BUFGCTRL_X0Y0        BUFG (Prop_bufg_I_O)         0.101     1.802 r  design_1_i/processing_system7_0/inst/buffer_fclk_clk_0.FCLK_CLK_0_BUFG_replica/O
                         net (fo=2, routed)           0.161     1.963    design_1_i/processing_system7_0/inst/FCLK_CLK0_repN
    BUFGCTRL_X0Y15       BUFG (Prop_bufg_I_O)         0.101     2.064 r  design_1_i/processing_system7_0/inst/buffer_fclk_clk_0.FCLK_CLK_0_BUFG/O
                         net (fo=1129, routed)        1.663     3.727    design_1_i/rst_ps7_0_100M/U0/slowest_sync_clk
    SLICE_X19Y55         FDRE                                         r  design_1_i/rst_ps7_0_100M/U0/ACTIVE_LOW_PR_OUT_DFF[0].FDRE_PER_N/C
  -------------------------------------------------------------------    -------------------
    SLICE_X19Y55         FDRE (Prop_fdre_C_Q)         0.456     4.183 r  design_1_i/rst_ps7_0_100M/U0/ACTIVE_LOW_PR_OUT_DFF[0].FDRE_PER_N/Q
                         net (fo=4, routed)           1.258     5.441    design_1_i/myip_1_0/inst/myip_v1_0_inst/myip_v1_0_S00_AXI_inst/s00_axi_aresetn
    SLICE_X10Y46         LUT1 (Prop_lut1_I0_O)        0.124     5.565 f  design_1_i/myip_1_0/inst/myip_v1_0_inst/myip_v1_0_S00_AXI_inst/axi_awready_i_1/O
                         net (fo=595, routed)         4.846    10.411    design_1_i/myip_1_0/inst/u_data_mover_bram/u_fully_connected_core_8b_1/p_0_in
    SLICE_X3Y25          FDCE                                         f  design_1_i/myip_1_0/inst/u_data_mover_bram/u_fully_connected_core_8b_1/r_result_reg[10]/CLR
  -------------------------------------------------------------------    -------------------

                         (clock clk_fpga_0 rise edge)
                                                     10.000    10.000 r  
    PS7_X0Y0             PS7                          0.000    10.000 r  design_1_i/processing_system7_0/inst/PS7_i/FCLKCLK[0]
                         net (fo=1, routed)           1.101    11.101    design_1_i/processing_system7_0/inst/FCLK_CLK_unbuffered[0]
    BUFGCTRL_X0Y2        BUFG (Prop_bufg_I_O)         0.091    11.192 r  design_1_i/processing_system7_0/inst/buffer_fclk_clk_0.FCLK_CLK_0_BUFG_replica_2/O
                         net (fo=2, routed)           0.133    11.325    design_1_i/processing_system7_0/inst/FCLK_CLK0_repN_2
    BUFGCTRL_X0Y1        BUFG (Prop_bufg_I_O)         0.091    11.416 r  design_1_i/processing_system7_0/inst/buffer_fclk_clk_0.FCLK_CLK_0_BUFG_replica_1/O
                         net (fo=5, routed)           0.133    11.549    design_1_i/processing_system7_0/inst/FCLK_CLK0_repN_1
    BUFGCTRL_X0Y0        BUFG (Prop_bufg_I_O)         0.091    11.640 r  design_1_i/processing_system7_0/inst/buffer_fclk_clk_0.FCLK_CLK_0_BUFG_replica/O
                         net (fo=2, routed)           0.147    11.787    design_1_i/processing_system7_0/inst/FCLK_CLK0_repN
    BUFGCTRL_X0Y15       BUFG (Prop_bufg_I_O)         0.091    11.878 r  design_1_i/processing_system7_0/inst/buffer_fclk_clk_0.FCLK_CLK_0_BUFG/O
                         net (fo=1129, routed)        1.534    13.412    design_1_i/myip_1_0/inst/u_data_mover_bram/u_fully_connected_core_8b_1/s00_axi_aclk
    SLICE_X3Y25          FDCE                                         r  design_1_i/myip_1_0/inst/u_data_mover_bram/u_fully_connected_core_8b_1/r_result_reg[10]/C
                         clock pessimism              0.186    13.598    
                         clock uncertainty           -0.154    13.444    
    SLICE_X3Y25          FDCE (Recov_fdce_C_CLR)     -0.405    13.039    design_1_i/myip_1_0/inst/u_data_mover_bram/u_fully_connected_core_8b_1/r_result_reg[10]
  -------------------------------------------------------------------
                         required time                         13.039    
                         arrival time                         -10.411    
  -------------------------------------------------------------------
                         slack                                  2.628    





Min Delay Paths
--------------------------------------------------------------------------------------
Slack (MET) :             1.110ns  (arrival time - required time)
  Source:                 design_1_i/rst_ps7_0_100M/U0/ACTIVE_LOW_PR_OUT_DFF[0].FDRE_PER_N/C
                            (rising edge-triggered cell FDRE clocked by clk_fpga_0  {rise@0.000ns fall@5.000ns period=10.000ns})
  Destination:            design_1_i/myip_1_0/inst/u_data_mover_bram/u_fully_connected_core_8b_2/r_result_reg[24]/CLR
                            (removal check against rising-edge clock clk_fpga_0  {rise@0.000ns fall@5.000ns period=10.000ns})
  Path Group:             **async_default**
  Path Type:              Removal (Min at Fast Process Corner)
  Requirement:            0.000ns  (clk_fpga_0 rise@0.000ns - clk_fpga_0 rise@0.000ns)
  Data Path Delay:        1.279ns  (logic 0.186ns (14.541%)  route 1.093ns (85.459%))
  Logic Levels:           1  (LUT1=1)
  Clock Path Skew:        0.261ns (DCD - SCD - CPR)
    Destination Clock Delay (DCD):    1.391ns
    Source Clock Delay      (SCD):    1.082ns
    Clock Pessimism Removal (CPR):    0.048ns

    Location             Delay type                Incr(ns)  Path(ns)    Netlist Resource(s)
  -------------------------------------------------------------------    -------------------
                         (clock clk_fpga_0 rise edge)
                                                      0.000     0.000 r  
    PS7_X0Y0             PS7                          0.000     0.000 r  design_1_i/processing_system7_0/inst/PS7_i/FCLKCLK[0]
                         net (fo=1, routed)           0.315     0.315    design_1_i/processing_system7_0/inst/FCLK_CLK_unbuffered[0]
    BUFGCTRL_X0Y2        BUFG (Prop_bufg_I_O)         0.026     0.341 r  design_1_i/processing_system7_0/inst/buffer_fclk_clk_0.FCLK_CLK_0_BUFG_replica_2/O
                         net (fo=2, routed)           0.030     0.371    design_1_i/processing_system7_0/inst/FCLK_CLK0_repN_2
    BUFGCTRL_X0Y1        BUFG (Prop_bufg_I_O)         0.026     0.397 r  design_1_i/processing_system7_0/inst/buffer_fclk_clk_0.FCLK_CLK_0_BUFG_replica_1/O
                         net (fo=5, routed)           0.030     0.427    design_1_i/processing_system7_0/inst/FCLK_CLK0_repN_1
    BUFGCTRL_X0Y0        BUFG (Prop_bufg_I_O)         0.026     0.453 r  design_1_i/processing_system7_0/inst/buffer_fclk_clk_0.FCLK_CLK_0_BUFG_replica/O
                         net (fo=2, routed)           0.042     0.495    design_1_i/processing_system7_0/inst/FCLK_CLK0_repN
    BUFGCTRL_X0Y15       BUFG (Prop_bufg_I_O)         0.026     0.521 r  design_1_i/processing_system7_0/inst/buffer_fclk_clk_0.FCLK_CLK_0_BUFG/O
                         net (fo=1129, routed)        0.561     1.082    design_1_i/rst_ps7_0_100M/U0/slowest_sync_clk
    SLICE_X19Y55         FDRE                                         r  design_1_i/rst_ps7_0_100M/U0/ACTIVE_LOW_PR_OUT_DFF[0].FDRE_PER_N/C
  -------------------------------------------------------------------    -------------------
    SLICE_X19Y55         FDRE (Prop_fdre_C_Q)         0.141     1.223 r  design_1_i/rst_ps7_0_100M/U0/ACTIVE_LOW_PR_OUT_DFF[0].FDRE_PER_N/Q
                         net (fo=4, routed)           0.540     1.763    design_1_i/myip_1_0/inst/myip_v1_0_inst/myip_v1_0_S00_AXI_inst/s00_axi_aresetn
    SLICE_X10Y46         LUT1 (Prop_lut1_I0_O)        0.045     1.808 f  design_1_i/myip_1_0/inst/myip_v1_0_inst/myip_v1_0_S00_AXI_inst/axi_awready_i_1/O
                         net (fo=595, routed)         0.553     2.361    design_1_i/myip_1_0/inst/u_data_mover_bram/u_fully_connected_core_8b_2/p_0_in
    SLICE_X7Y28          FDCE                                         f  design_1_i/myip_1_0/inst/u_data_mover_bram/u_fully_connected_core_8b_2/r_result_reg[24]/CLR
  -------------------------------------------------------------------    -------------------

                         (clock clk_fpga_0 rise edge)
                                                      0.000     0.000 r  
    PS7_X0Y0             PS7                          0.000     0.000 r  design_1_i/processing_system7_0/inst/PS7_i/FCLKCLK[0]
                         net (fo=1, routed)           0.341     0.341    design_1_i/processing_system7_0/inst/FCLK_CLK_unbuffered[0]
    BUFGCTRL_X0Y2        BUFG (Prop_bufg_I_O)         0.029     0.370 r  design_1_i/processing_system7_0/inst/buffer_fclk_clk_0.FCLK_CLK_0_BUFG_replica_2/O
                         net (fo=2, routed)           0.033     0.403    design_1_i/processing_system7_0/inst/FCLK_CLK0_repN_2
    BUFGCTRL_X0Y1        BUFG (Prop_bufg_I_O)         0.029     0.432 r  design_1_i/processing_system7_0/inst/buffer_fclk_clk_0.FCLK_CLK_0_BUFG_replica_1/O
                         net (fo=5, routed)           0.033     0.465    design_1_i/processing_system7_0/inst/FCLK_CLK0_repN_1
    BUFGCTRL_X0Y0        BUFG (Prop_bufg_I_O)         0.029     0.494 r  design_1_i/processing_system7_0/inst/buffer_fclk_clk_0.FCLK_CLK_0_BUFG_replica/O
                         net (fo=2, routed)           0.046     0.540    design_1_i/processing_system7_0/inst/FCLK_CLK0_repN
    BUFGCTRL_X0Y15       BUFG (Prop_bufg_I_O)         0.029     0.569 r  design_1_i/processing_system7_0/inst/buffer_fclk_clk_0.FCLK_CLK_0_BUFG/O
                         net (fo=1129, routed)        0.822     1.391    design_1_i/myip_1_0/inst/u_data_mover_bram/u_fully_connected_core_8b_2/s00_axi_aclk
    SLICE_X7Y28          FDCE                                         r  design_1_i/myip_1_0/inst/u_data_mover_bram/u_fully_connected_core_8b_2/r_result_reg[24]/C
                         clock pessimism             -0.048     1.343    
    SLICE_X7Y28          FDCE (Remov_fdce_C_CLR)     -0.092     1.251    design_1_i/myip_1_0/inst/u_data_mover_bram/u_fully_connected_core_8b_2/r_result_reg[24]
  -------------------------------------------------------------------
                         required time                         -1.251    
                         arrival time                           2.361    
  -------------------------------------------------------------------
                         slack                                  1.110    





